<?xml version="1.0" encoding="UTF-8"?>
<testsuite name="org.launchcode.techjobsmvc.TestTaskThree" tests="4" skipped="0" failures="0" errors="0" timestamp="2023-11-10T01:42:28" hostname="Captains-MBP.lan" time="0.003">
  <properties/>
  <testcase name="testDisplaySearchResultsMethodExists()" classname="org.launchcode.techjobsmvc.TestTaskThree" time="0.0"/>
  <testcase name="testDisplaySearchResultsUsesCorrectAnnotation()" classname="org.launchcode.techjobsmvc.TestTaskThree" time="0.002"/>
  <testcase name="testDisplaySearchResultsHasCorrectParameterNames()" classname="org.launchcode.techjobsmvc.TestTaskThree" time="0.0"/>
  <testcase name="testDisplaySearchResultsHasCorrectParameterAnnotations()" classname="org.launchcode.techjobsmvc.TestTaskThree" time="0.001"/>
  <system-out><![CDATA[]]></system-out>
  <system-err><![CDATA[]]></system-err>
</testsuite>
